00:00:03 INFO case-1 logging to file case1_2022-04-07_13_21_20.log
00:00:03 INFO case-1 Start accepting all packets
00:00:03 INFO case-1 Starting test ...
00:00:03 INFO case-1 nrepl server started
00:00:04 DEBUG kv-cluster {:event :kv-cluster/get-ref, :ref-key "pod-coord", :phase :begin, :pid 182963, :tid 21}
00:00:04 DEBUG kv-cluster {:event :kv-cluster/get-ref, :ref-key "pod-coord", :msec 96.5, :phase :end, :pid 182963, :tid 21}
00:00:05 INFO domain {:event :cache/create, :cache-bytes 4172283904, :pid 182963, :tid 1}
00:00:05 INFO process-monitor {:event :metrics/initializing, :metricsCallback clojure.core/identity, :phase :begin, :pid 182963, :tid 1}
00:00:05 INFO process-monitor {:event :metrics/initializing, :metricsCallback clojure.core/identity, :msec 0.31, :phase :end, :pid 182963, :tid 1}
00:00:05 INFO process-monitor {:metrics/started clojure.core/identity, :pid 182963, :tid 1}
00:00:05 INFO kv-cluster {:event :kv-cluster/get-pod, :pod-key "pod-catalog", :phase :begin, :pid 182963, :tid 31}
00:00:05 INFO process-monitor {:AvailableMB 7850.0, :ObjectCacheCount 0, :event :metrics, :pid 182963, :tid 21}
00:00:05 DEBUG kv-cluster {:event :kv-cluster/pod-size, :bytes 95, :chunks 1, :pid 182963, :tid 31}
00:00:05 INFO kv-cluster {:event :kv-cluster/get-pod, :pod-key "pod-catalog", :msec 8.02, :phase :end, :pid 182963, :tid 31}
00:00:05 DEBUG kv-cluster {:event :kv-cluster/get-ref, :ref-key "pod-coord", :phase :begin, :pid 182963, :tid 31}
00:00:05 DEBUG kv-cluster {:event :kv-cluster/get-ref, :ref-key "pod-coord", :msec 48.8, :phase :end, :pid 182963, :tid 31}
00:00:05 INFO peer {:event :peer/connect-transactor, :host "0.0.0.0", :alt-host "127.0.0.1", :port 4334, :version "1.0.6397", :pid 182963, :tid 1}
00:00:05 DEBUG kv-cluster {:event :kv-cluster/get-ref, :ref-key "ref-index-root/ire-test-1-2e8c270a-8337-415d-837a-d23386687400", :phase :begin, :pid 182963, :tid 31}
00:00:05 DEBUG kv-cluster {:event :kv-cluster/get-ref, :ref-key "ref-index-root/ire-test-1-2e8c270a-8337-415d-837a-d23386687400", :msec 2.2, :phase :end, :pid 182963, :tid 31}
00:00:05 INFO kv-cluster {:event :kv-cluster/get-pod, :pod-key "pod-log-tail/ire-test-1-2e8c270a-8337-415d-837a-d23386687400", :phase :begin, :pid 182963, :tid 31}
00:00:06 DEBUG kv-cluster {:event :kv-cluster/pod-size, :bytes 1, :chunks 1, :pid 182963, :tid 31}
00:00:06 INFO kv-cluster {:event :kv-cluster/get-pod, :pod-key "pod-log-tail/ire-test-1-2e8c270a-8337-415d-837a-d23386687400", :msec 90.2, :phase :end, :pid 182963, :tid 31}
00:00:06 DEBUG kv-cluster {:event :kv-cluster/get-val, :val-key "624eb21b-9312-41f8-b35d-93e3a0eb651b", :phase :begin, :pid 182963, :tid 31}
00:00:06 DEBUG kv-cluster {:event :kv-cluster/get-val, :val-key "624eb21b-9312-41f8-b35d-93e3a0eb651b", :msec 4.47, :phase :end, :pid 182963, :tid 31}
00:00:06 DEBUG kv-cluster {:event :kv-cluster/get-val, :val-key "624eb21b-60f3-42d4-a12f-5918d92ffc7b", :phase :begin, :pid 182963, :tid 31}
00:00:06 DEBUG kv-cluster {:event :kv-cluster/get-val, :val-key "624eb21b-60f3-42d4-a12f-5918d92ffc7b", :msec 43.7, :phase :end, :pid 182963, :tid 31}
00:00:06 DEBUG kv-cluster {:event :kv-cluster/get-val, :val-key "624eb21b-080a-4c6c-9b60-9b09468da748", :phase :begin, :pid 182963, :tid 31}
00:00:06 DEBUG kv-cluster {:event :kv-cluster/get-val, :val-key "624eb21b-080a-4c6c-9b60-9b09468da748", :msec 43.4, :phase :end, :pid 182963, :tid 31}
00:00:06 DEBUG kv-cluster {:event :kv-cluster/get-val, :val-key "624eb21b-71d1-44b4-a403-55f07d7a4a9d", :phase :begin, :pid 182963, :tid 31}
00:00:06 DEBUG kv-cluster {:event :kv-cluster/get-val, :val-key "624eb21b-71d1-44b4-a403-55f07d7a4a9d", :msec 2.07, :phase :end, :pid 182963, :tid 31}
00:00:06 DEBUG kv-cluster {:event :kv-cluster/get-val, :val-key "624eb21b-5824-42b0-8235-e4341e23d286", :phase :begin, :pid 182963, :tid 31}
00:00:06 DEBUG kv-cluster {:event :kv-cluster/get-val, :val-key "624eb21b-5824-42b0-8235-e4341e23d286", :msec 1.61, :phase :end, :pid 182963, :tid 31}
00:00:06 DEBUG kv-cluster {:event :kv-cluster/get-val, :val-key "624eb21b-dec9-4483-90e9-c98ce799fd8d", :phase :begin, :pid 182963, :tid 31}
00:00:06 DEBUG kv-cluster {:event :kv-cluster/get-val, :val-key "624eb21b-dec9-4483-90e9-c98ce799fd8d", :msec 85.5, :phase :end, :pid 182963, :tid 31}
00:00:06 DEBUG kv-cluster {:event :kv-cluster/get-val, :val-key "624eb21b-24eb-4800-8c04-635d24d1bea6", :phase :begin, :pid 182963, :tid 31}
00:00:06 DEBUG kv-cluster {:event :kv-cluster/get-val, :val-key "624eb21b-24eb-4800-8c04-635d24d1bea6", :msec 14.9, :phase :end, :pid 182963, :tid 31}
00:00:06 DEBUG kv-cluster {:event :kv-cluster/get-val, :val-key "624eb21b-6668-43dd-901a-11438dca8831", :phase :begin, :pid 182963, :tid 31}
00:00:06 DEBUG kv-cluster {:event :kv-cluster/get-val, :val-key "624eb21b-6668-43dd-901a-11438dca8831", :msec 4.99, :phase :end, :pid 182963, :tid 31}
00:00:06 DEBUG kv-cluster {:event :kv-cluster/get-val, :val-key "624eb21b-d80b-4c13-bea3-74f0654db430", :phase :begin, :pid 182963, :tid 31}
00:00:06 DEBUG kv-cluster {:event :kv-cluster/get-val, :val-key "624eb21b-d80b-4c13-bea3-74f0654db430", :msec 87.4, :phase :end, :pid 182963, :tid 31}
00:00:06 DEBUG kv-cluster {:event :kv-cluster/get-val, :val-key "624eb21b-1cdc-42bf-9da6-bfcadfd5591f", :phase :begin, :pid 182963, :tid 31}
00:00:06 DEBUG kv-cluster {:event :kv-cluster/get-val, :val-key "624eb21b-1cdc-42bf-9da6-bfcadfd5591f", :msec 1.5, :phase :end, :pid 182963, :tid 31}
00:00:06 DEBUG kv-cluster {:event :kv-cluster/get-val, :val-key "624eb21b-1b56-460d-9bc4-6543f3ce4f85", :phase :begin, :pid 182963, :tid 21}
00:00:06 DEBUG kv-cluster {:event :kv-cluster/get-val, :val-key "624eb21b-c378-4912-9dea-245e35b556e4", :phase :begin, :pid 182963, :tid 34}
00:00:06 DEBUG kv-cluster {:event :kv-cluster/get-val, :val-key "624eb21b-23cc-4f40-8666-c2bdcf115a0c", :phase :begin, :pid 182963, :tid 31}
00:00:06 DEBUG kv-cluster {:event :kv-cluster/get-val, :val-key "624eb21b-1b56-460d-9bc4-6543f3ce4f85", :msec 2.64, :phase :end, :pid 182963, :tid 21}
00:00:06 DEBUG kv-cluster {:event :kv-cluster/get-val, :val-key "624eb21b-c378-4912-9dea-245e35b556e4", :msec 7.6, :phase :end, :pid 182963, :tid 34}
00:00:06 DEBUG kv-cluster {:event :kv-cluster/get-val, :val-key "624eb21b-23cc-4f40-8666-c2bdcf115a0c", :phase :begin, :pid 182963, :tid 38}
00:00:06 DEBUG kv-cluster {:event :kv-cluster/get-val, :val-key "624eb21b-c378-4912-9dea-245e35b556e4", :phase :begin, :pid 182963, :tid 39}
00:00:06 DEBUG kv-cluster {:event :kv-cluster/get-val, :val-key "624eb21b-f211-412f-931a-d606a58ba6ba", :phase :begin, :pid 182963, :tid 34}
00:00:06 DEBUG kv-cluster {:event :kv-cluster/get-val, :val-key "624eb21b-f211-412f-931a-d606a58ba6ba", :msec 13.4, :phase :end, :pid 182963, :tid 34}
00:00:06 DEBUG kv-cluster {:event :kv-cluster/get-val, :val-key "624eb21b-9ab0-4095-9978-250423b19e0e", :phase :begin, :pid 182963, :tid 44}
00:00:06 DEBUG kv-cluster {:event :kv-cluster/get-val, :val-key "624eb21b-8536-4cdf-9cbb-2427a9cb90b3", :phase :begin, :pid 182963, :tid 45}
00:00:06 DEBUG kv-cluster {:event :kv-cluster/get-val, :val-key "624eb21b-c7c6-4caf-8b32-21271903df96", :phase :begin, :pid 182963, :tid 34}
00:00:06 DEBUG kv-cluster {:event :kv-cluster/get-val, :val-key "624eb21b-8536-4cdf-9cbb-2427a9cb90b3", :msec 11.8, :phase :end, :pid 182963, :tid 45}
00:00:06 DEBUG kv-cluster {:event :kv-cluster/get-val, :val-key "624eb21b-c378-4912-9dea-245e35b556e4", :msec 42.3, :phase :end, :pid 182963, :tid 39}
00:00:06 DEBUG kv-cluster {:event :kv-cluster/get-val, :val-key "624eb21b-23cc-4f40-8666-c2bdcf115a0c", :msec 45.8, :phase :end, :pid 182963, :tid 38}
00:00:06 DEBUG kv-cluster {:event :kv-cluster/get-val, :val-key "624eb21b-23cc-4f40-8666-c2bdcf115a0c", :msec 103.0, :phase :end, :pid 182963, :tid 31}
00:00:06 DEBUG kv-cluster {:event :kv-cluster/get-val, :val-key "624eb21b-9ab0-4095-9978-250423b19e0e", :msec 90.1, :phase :end, :pid 182963, :tid 44}
00:00:06 DEBUG kv-cluster {:event :kv-cluster/get-val, :val-key "624eb21b-c7c6-4caf-8b32-21271903df96", :phase :begin, :pid 182963, :tid 44}
00:00:06 DEBUG kv-cluster {:event :kv-cluster/get-val, :val-key "624eb21b-c7c6-4caf-8b32-21271903df96", :msec 2.1, :phase :end, :pid 182963, :tid 44}
00:00:06 DEBUG kv-cluster {:event :kv-cluster/get-val, :val-key "624eb21b-130f-480e-8dca-898b50582ae1", :phase :begin, :pid 182963, :tid 31}
00:00:06 DEBUG kv-cluster {:event :kv-cluster/get-val, :val-key "624eb21b-130f-480e-8dca-898b50582ae1", :msec 2.5, :phase :end, :pid 182963, :tid 31}
00:00:06 DEBUG kv-cluster {:event :kv-cluster/get-val, :val-key "624eb21b-c7c6-4caf-8b32-21271903df96", :msec 99.2, :phase :end, :pid 182963, :tid 34}
00:00:06 DEBUG kv-cluster {:event :kv-cluster/get-val, :val-key "624eb21b-5673-4b14-b0d2-d36fd905fa39", :phase :begin, :pid 182963, :tid 31}
00:00:06 DEBUG kv-cluster {:event :kv-cluster/get-val, :val-key "624eb21b-5673-4b14-b0d2-d36fd905fa39", :msec 2.08, :phase :end, :pid 182963, :tid 31}
00:00:06 DEBUG kv-cluster {:event :kv-cluster/get-val, :val-key "624eb21b-743d-4df6-89f0-03c550ad702d", :phase :begin, :pid 182963, :tid 31}
00:00:06 DEBUG kv-cluster {:event :kv-cluster/get-val, :val-key "624eb21b-743d-4df6-89f0-03c550ad702d", :msec 1.64, :phase :end, :pid 182963, :tid 31}
00:00:06 INFO log {:event :log/catchup-fulltext, :phase :begin, :pid 182963, :tid 1}
00:00:06 INFO log {:event :log/catchup-fulltext, :msec 0.997, :phase :end, :pid 182963, :tid 1}
00:00:06 INFO log {:event :log/catchup, :bytes 0, :tail-t 66, :index-t 66, :msec 10, :pid 182963, :tid 1}
00:00:06 DEBUG kv-cluster {:event :kv-cluster/get-ref, :ref-key "ref-index-root/ire-test-1-2e8c270a-8337-415d-837a-d23386687400", :phase :begin, :pid 182963, :tid 31}
00:00:06 DEBUG kv-cluster {:event :kv-cluster/get-ref, :ref-key "ref-index-root/ire-test-1-2e8c270a-8337-415d-837a-d23386687400", :msec 42.7, :phase :end, :pid 182963, :tid 31}
00:00:06 INFO kv-cluster {:event :kv-cluster/get-pod, :pod-key "pod-log-tail/ire-test-1-2e8c270a-8337-415d-837a-d23386687400", :phase :begin, :pid 182963, :tid 31}
00:00:06 DEBUG kv-cluster {:event :kv-cluster/pod-size, :bytes 1, :chunks 1, :pid 182963, :tid 31}
00:00:06 INFO kv-cluster {:event :kv-cluster/get-pod, :pod-key "pod-log-tail/ire-test-1-2e8c270a-8337-415d-837a-d23386687400", :msec 45.5, :phase :end, :pid 182963, :tid 31}
00:00:06 INFO log {:event :log/catchup-fulltext, :phase :begin, :pid 182963, :tid 1}
00:00:06 INFO log {:event :log/catchup-fulltext, :msec 0.123, :phase :end, :pid 182963, :tid 1}
00:00:06 INFO log {:event :log/catchup, :bytes 0, :tail-t 66, :index-t 66, :msec 1, :pid 182963, :tid 1}
00:00:06 INFO peer {:event :peer/cache-connection, :protocol :sql, :db-name "ire-test-1", :system-root "jdbc:postgresql://localhost:20009/postgres", :db-id "ire-test-1-2e8c270a-8337-415d-837a-d23386687400", :pid 182963, :tid 1}
00:00:06 INFO case-1 Got datomic connection in 2889 milliseconds
00:00:06 INFO case-1 Start dropping packets
00:00:07 INFO case-1 Starting read-segment on blocked connection
00:00:07 DEBUG kv-cluster {:event :kv-cluster/get-val, :val-key "854f8149-7116-45dc-b3df-5b57a5cd1e4e", :phase :begin, :pid 182963, :tid 38}
00:01:05 INFO process-monitor {:tid 30, :ObjectCacheCount 20, :AvailableMB 7820.0, :StorageGetMsec {:lo 1, :hi 103, :sum 703, :count 23}, :pid 182963, :event :metrics, :ObjectCache {:lo 0, :hi 1, :sum 35, :count 65}, :LogIngestMsec {:lo 1, :hi 10, :sum 11, :count 2}, :MetricsReport {:lo 1, :hi 1, :sum 1, :count 1}, :DbAddFulltextMsec {:lo 0, :hi 0, :sum 0, :count 2}, :PodGetMsec {:lo 8, :hi 90, :sum 143, :count 3}, :LogIngestBytes {:lo 0, :hi 0, :sum 0, :count 2}, :StorageGetBytes {:lo 31, :hi 3105, :sum 6541, :count 23}}
00:02:05 INFO process-monitor {:MetricsReport {:lo 1, :hi 1, :sum 1, :count 1}, :AvailableMB 7810.0, :ObjectCacheCount 20, :event :metrics, :pid 182963, :tid 30}
00:03:05 INFO process-monitor {:MetricsReport {:lo 1, :hi 1, :sum 1, :count 1}, :AvailableMB 7810.0, :ObjectCacheCount 20, :event :metrics, :pid 182963, :tid 30}
00:04:05 INFO process-monitor {:MetricsReport {:lo 1, :hi 1, :sum 1, :count 1}, :AvailableMB 7810.0, :ObjectCacheCount 20, :event :metrics, :pid 182963, :tid 30}
00:05:05 INFO process-monitor {:MetricsReport {:lo 1, :hi 1, :sum 1, :count 1}, :AvailableMB 7810.0, :ObjectCacheCount 20, :event :metrics, :pid 182963, :tid 30}
00:06:05 INFO process-monitor {:MetricsReport {:lo 1, :hi 1, :sum 1, :count 1}, :AvailableMB 7810.0, :ObjectCacheCount 20, :event :metrics, :pid 182963, :tid 30}
00:07:05 INFO process-monitor {:MetricsReport {:lo 1, :hi 1, :sum 1, :count 1}, :AvailableMB 7810.0, :ObjectCacheCount 20, :event :metrics, :pid 182963, :tid 30}
00:08:05 INFO process-monitor {:MetricsReport {:lo 1, :hi 1, :sum 1, :count 1}, :AvailableMB 7810.0, :ObjectCacheCount 20, :event :metrics, :pid 182963, :tid 30}
00:09:05 INFO process-monitor {:MetricsReport {:lo 1, :hi 1, :sum 1, :count 1}, :AvailableMB 7810.0, :ObjectCacheCount 20, :event :metrics, :pid 182963, :tid 30}
00:10:05 INFO process-monitor {:MetricsReport {:lo 1, :hi 1, :sum 1, :count 1}, :AvailableMB 7810.0, :ObjectCacheCount 20, :event :metrics, :pid 182963, :tid 30}
00:11:05 INFO process-monitor {:MetricsReport {:lo 1, :hi 1, :sum 1, :count 1}, :AvailableMB 7810.0, :ObjectCacheCount 20, :event :metrics, :pid 182963, :tid 30}
00:12:05 INFO process-monitor {:MetricsReport {:lo 1, :hi 1, :sum 1, :count 1}, :AvailableMB 7810.0, :ObjectCacheCount 20, :event :metrics, :pid 182963, :tid 30}
00:13:05 INFO process-monitor {:MetricsReport {:lo 1, :hi 1, :sum 1, :count 1}, :AvailableMB 7810.0, :ObjectCacheCount 20, :event :metrics, :pid 182963, :tid 30}
00:14:05 INFO process-monitor {:MetricsReport {:lo 1, :hi 1, :sum 1, :count 1}, :AvailableMB 7810.0, :ObjectCacheCount 20, :event :metrics, :pid 182963, :tid 30}
00:15:05 INFO process-monitor {:MetricsReport {:lo 1, :hi 1, :sum 1, :count 1}, :AvailableMB 7810.0, :ObjectCacheCount 20, :event :metrics, :pid 182963, :tid 30}
00:16:01 WARN PooledConnection Unable to clear Warnings, connection will be closed.
                                                             java.lang.Thread.run                              Thread.java:  829
                               java.util.concurrent.ThreadPoolExecutor$Worker.run                  ThreadPoolExecutor.java:  628
                                java.util.concurrent.ThreadPoolExecutor.runWorker                  ThreadPoolExecutor.java: 1128
                                              java.util.concurrent.FutureTask.run                          FutureTask.java:  264
                                                                              ...                                               
                                              clojure.core/binding-conveyor-fn/fn                                 core.clj: 2047
                                                  datomic.kv-cluster.KVCluster/fn                           kv_cluster.clj:  175
                                               datomic.kv-cluster.KVCluster/fn/fn                           kv_cluster.clj:  177
                                                                              ...                                               
                                                          clojure.core/partial/fn                                 core.clj: 2660
                                                               clojure.core/apply                                 core.clj:  673
                                                                              ...                                               
                                                      datomic.kv-cluster/retry-fn                           kv_cluster.clj:   82
                                                   datomic.kv-cluster/retry-fn/fn                           kv_cluster.clj:   82
                                            datomic.kv-cluster.KVCluster/fn/fn/fn                           kv_cluster.clj:  178
                                                         datomic.kv-sql.KVSql/get                               kv_sql.clj:   60
                                                               datomic.sql/select                                  sql.clj:   77
                                                      com.sun.proxy.$Proxy3.close                                               
                    org.apache.tomcat.jdbc.pool.DisposableConnectionFacade.invoke          DisposableConnectionFacade.java:   80
                               org.apache.tomcat.jdbc.pool.JdbcInterceptor.invoke                     JdbcInterceptor.java:  109
org.apache.tomcat.jdbc.pool.interceptor.AbstractCreateStatementInterceptor.invoke  AbstractCreateStatementInterceptor.java:   70
                               org.apache.tomcat.jdbc.pool.JdbcInterceptor.invoke                     JdbcInterceptor.java:  109
                               org.apache.tomcat.jdbc.pool.ProxyConnection.invoke                     ProxyConnection.java:  101
                      org.apache.tomcat.jdbc.pool.ConnectionPool.returnConnection                      ConnectionPool.java:  937
                       org.apache.tomcat.jdbc.pool.PooledConnection.clearWarnings                    PooledConnection.java:  759
                                   org.postgresql.jdbc.PgConnection.clearWarnings                        PgConnection.java:  776
                                     org.postgresql.jdbc.PgConnection.checkClosed                        PgConnection.java:  883
org.postgresql.util.PSQLException: This connection has been closed.
     SQLState: "08003"
    errorCode: 0

00:16:01 INFO kv-cluster {:event :kv-cluster/retry, :StorageGetBackoffMsec 0, :attempts 0, :max-retries 9, :cause "java.net.SocketException", :pid 182963, :tid 38}
00:16:05 INFO process-monitor {:MetricsReport {:lo 1, :hi 1, :sum 1, :count 1}, :StorageGetBackoffMsec {:lo 0, :hi 0, :sum 0, :count 1}, :AvailableMB 7810.0, :ObjectCacheCount 20, :event :metrics, :pid 182963, :tid 30}
00:16:11 INFO kv-cluster {:event :kv-cluster/retry, :StorageGetBackoffMsec 50.0, :attempts 1, :max-retries 9, :cause "java.net.SocketTimeoutException", :pid 182963, :tid 38}
00:17:05 INFO process-monitor {:MetricsReport {:lo 1, :hi 1, :sum 1, :count 1}, :StorageGetBackoffMsec {:lo 50, :hi 50, :sum 50, :count 1}, :AvailableMB 7810.0, :ObjectCacheCount 20, :event :metrics, :pid 182963, :tid 30}
00:18:05 INFO process-monitor {:MetricsReport {:lo 1, :hi 1, :sum 1, :count 1}, :AvailableMB 7810.0, :ObjectCacheCount 20, :event :metrics, :pid 182963, :tid 30}
00:19:05 INFO process-monitor {:MetricsReport {:lo 1, :hi 1, :sum 1, :count 1}, :AvailableMB 7810.0, :ObjectCacheCount 20, :event :metrics, :pid 182963, :tid 30}
00:20:05 INFO process-monitor {:MetricsReport {:lo 1, :hi 1, :sum 1, :count 1}, :AvailableMB 7810.0, :ObjectCacheCount 20, :event :metrics, :pid 182963, :tid 30}
00:21:05 INFO process-monitor {:MetricsReport {:lo 1, :hi 1, :sum 1, :count 1}, :AvailableMB 7810.0, :ObjectCacheCount 20, :event :metrics, :pid 182963, :tid 30}
00:22:05 INFO process-monitor {:MetricsReport {:lo 1, :hi 1, :sum 1, :count 1}, :AvailableMB 7810.0, :ObjectCacheCount 20, :event :metrics, :pid 182963, :tid 30}
00:23:05 INFO process-monitor {:MetricsReport {:lo 1, :hi 1, :sum 1, :count 1}, :AvailableMB 7810.0, :ObjectCacheCount 20, :event :metrics, :pid 182963, :tid 30}
00:24:05 INFO process-monitor {:MetricsReport {:lo 1, :hi 1, :sum 1, :count 1}, :AvailableMB 7810.0, :ObjectCacheCount 20, :event :metrics, :pid 182963, :tid 30}
00:25:05 INFO process-monitor {:MetricsReport {:lo 1, :hi 1, :sum 1, :count 1}, :AvailableMB 7810.0, :ObjectCacheCount 20, :event :metrics, :pid 182963, :tid 30}
00:26:05 INFO process-monitor {:MetricsReport {:lo 1, :hi 1, :sum 1, :count 1}, :AvailableMB 7810.0, :ObjectCacheCount 20, :event :metrics, :pid 182963, :tid 30}
00:27:05 INFO process-monitor {:MetricsReport {:lo 1, :hi 1, :sum 1, :count 1}, :AvailableMB 7810.0, :ObjectCacheCount 20, :event :metrics, :pid 182963, :tid 30}
00:28:05 INFO process-monitor {:MetricsReport {:lo 1, :hi 1, :sum 1, :count 1}, :AvailableMB 7800.0, :ObjectCacheCount 20, :event :metrics, :pid 182963, :tid 30}
00:29:05 INFO process-monitor {:MetricsReport {:lo 1, :hi 1, :sum 1, :count 1}, :AvailableMB 7800.0, :ObjectCacheCount 20, :event :metrics, :pid 182963, :tid 30}
00:30:05 INFO process-monitor {:MetricsReport {:lo 1, :hi 1, :sum 1, :count 1}, :AvailableMB 7800.0, :ObjectCacheCount 20, :event :metrics, :pid 182963, :tid 30}
00:31:05 INFO process-monitor {:MetricsReport {:lo 1, :hi 1, :sum 1, :count 1}, :AvailableMB 7800.0, :ObjectCacheCount 20, :event :metrics, :pid 182963, :tid 30}
00:32:05 INFO process-monitor {:MetricsReport {:lo 1, :hi 1, :sum 1, :count 1}, :AvailableMB 7800.0, :ObjectCacheCount 20, :event :metrics, :pid 182963, :tid 30}
00:32:20 INFO kv-cluster {:event :kv-cluster/retry, :StorageGetBackoffMsec 100.0, :attempts 2, :max-retries 9, :cause "java.net.SocketTimeoutException", :pid 182963, :tid 38}
00:33:05 INFO process-monitor {:MetricsReport {:lo 1, :hi 1, :sum 1, :count 1}, :StorageGetBackoffMsec {:lo 100, :hi 100, :sum 100, :count 1}, :AvailableMB 7800.0, :ObjectCacheCount 20, :event :metrics, :pid 182963, :tid 30}
00:34:05 INFO process-monitor {:MetricsReport {:lo 1, :hi 1, :sum 1, :count 1}, :AvailableMB 7800.0, :ObjectCacheCount 20, :event :metrics, :pid 182963, :tid 30}
00:35:05 INFO process-monitor {:MetricsReport {:lo 1, :hi 1, :sum 1, :count 1}, :AvailableMB 7800.0, :ObjectCacheCount 20, :event :metrics, :pid 182963, :tid 30}
00:36:05 INFO process-monitor {:MetricsReport {:lo 1, :hi 1, :sum 1, :count 1}, :AvailableMB 7800.0, :ObjectCacheCount 20, :event :metrics, :pid 182963, :tid 30}
00:37:05 INFO process-monitor {:MetricsReport {:lo 1, :hi 1, :sum 1, :count 1}, :AvailableMB 7800.0, :ObjectCacheCount 20, :event :metrics, :pid 182963, :tid 30}
00:38:05 INFO process-monitor {:MetricsReport {:lo 1, :hi 1, :sum 1, :count 1}, :AvailableMB 7800.0, :ObjectCacheCount 20, :event :metrics, :pid 182963, :tid 30}
00:39:05 INFO process-monitor {:MetricsReport {:lo 1, :hi 1, :sum 1, :count 1}, :AvailableMB 7800.0, :ObjectCacheCount 20, :event :metrics, :pid 182963, :tid 30}
00:40:05 INFO process-monitor {:MetricsReport {:lo 1, :hi 1, :sum 1, :count 1}, :AvailableMB 7800.0, :ObjectCacheCount 20, :event :metrics, :pid 182963, :tid 30}
00:41:05 INFO process-monitor {:MetricsReport {:lo 1, :hi 1, :sum 1, :count 1}, :AvailableMB 7800.0, :ObjectCacheCount 20, :event :metrics, :pid 182963, :tid 30}
00:42:05 INFO process-monitor {:MetricsReport {:lo 1, :hi 1, :sum 1, :count 1}, :AvailableMB 7800.0, :ObjectCacheCount 20, :event :metrics, :pid 182963, :tid 30}
00:43:05 INFO process-monitor {:MetricsReport {:lo 1, :hi 1, :sum 1, :count 1}, :AvailableMB 7800.0, :ObjectCacheCount 20, :event :metrics, :pid 182963, :tid 30}
00:44:05 INFO process-monitor {:MetricsReport {:lo 1, :hi 1, :sum 1, :count 1}, :AvailableMB 7800.0, :ObjectCacheCount 20, :event :metrics, :pid 182963, :tid 30}
00:45:05 INFO process-monitor {:MetricsReport {:lo 1, :hi 1, :sum 1, :count 1}, :AvailableMB 7800.0, :ObjectCacheCount 20, :event :metrics, :pid 182963, :tid 30}
00:46:05 INFO process-monitor {:MetricsReport {:lo 1, :hi 1, :sum 1, :count 1}, :AvailableMB 7800.0, :ObjectCacheCount 20, :event :metrics, :pid 182963, :tid 30}
00:47:05 INFO process-monitor {:MetricsReport {:lo 1, :hi 1, :sum 1, :count 1}, :AvailableMB 7800.0, :ObjectCacheCount 20, :event :metrics, :pid 182963, :tid 30}
00:48:05 INFO process-monitor {:MetricsReport {:lo 1, :hi 1, :sum 1, :count 1}, :AvailableMB 7800.0, :ObjectCacheCount 20, :event :metrics, :pid 182963, :tid 30}
00:48:29 DEBUG kv-cluster {:event :kv-cluster/get-val, :val-key "854f8149-7116-45dc-b3df-5b57a5cd1e4e", :msec 2900000.0, :phase :end, :threw org.postgresql.util.PSQLException, :pid 182963, :tid 38}
00:48:29 ERROR case-1 Error during read: org.postgresql.util.PSQLException: The connection attempt failed.
                                           java.lang.Thread.run                   Thread.java:  829
             java.util.concurrent.ThreadPoolExecutor$Worker.run       ThreadPoolExecutor.java:  628
              java.util.concurrent.ThreadPoolExecutor.runWorker       ThreadPoolExecutor.java: 1128
                            java.util.concurrent.FutureTask.run               FutureTask.java:  264
                                                            ...                                    
                            clojure.core/binding-conveyor-fn/fn                      core.clj: 2047
                                datomic.kv-cluster.KVCluster/fn                kv_cluster.clj:  175
                             datomic.kv-cluster.KVCluster/fn/fn                kv_cluster.clj:  177
                                                            ...                                    
                                        clojure.core/partial/fn                      core.clj: 2660
                                             clojure.core/apply                      core.clj:  673
                                                            ...                                    
                                    datomic.kv-cluster/retry-fn                kv_cluster.clj:   82
                                 datomic.kv-cluster/retry-fn/fn                kv_cluster.clj:   82
                          datomic.kv-cluster.KVCluster/fn/fn/fn                kv_cluster.clj:  178
                                       datomic.kv-sql.KVSql/get                    kv_sql.clj:   60
                                             datomic.sql/select                       sql.clj:   77
                                            datomic.sql/connect                       sql.clj:   16
      org.apache.tomcat.jdbc.pool.DataSourceProxy.getConnection          DataSourceProxy.java:  128
       org.apache.tomcat.jdbc.pool.ConnectionPool.getConnection           ConnectionPool.java:  198
    org.apache.tomcat.jdbc.pool.ConnectionPool.borrowConnection           ConnectionPool.java:  654
    org.apache.tomcat.jdbc.pool.ConnectionPool.borrowConnection           ConnectionPool.java:  823
         org.apache.tomcat.jdbc.pool.PooledConnection.reconnect         PooledConnection.java:  314
           org.apache.tomcat.jdbc.pool.PooledConnection.connect         PooledConnection.java:  181
org.apache.tomcat.jdbc.pool.PooledConnection.connectUsingDriver         PooledConnection.java:  277
                                  org.postgresql.Driver.connect                   Driver.java:  259
                           org.postgresql.Driver.makeConnection                   Driver.java:  400
                        org.postgresql.jdbc.PgConnection.<init>             PgConnection.java:  223
           org.postgresql.core.ConnectionFactory.openConnection        ConnectionFactory.java:   49
org.postgresql.core.v3.ConnectionFactoryImpl.openConnectionImpl    ConnectionFactoryImpl.java:  235
        org.postgresql.core.v3.ConnectionFactoryImpl.tryConnect    ConnectionFactoryImpl.java:  109
                            org.postgresql.core.PGStream.<init>                 PGStream.java:   98
                      org.postgresql.core.PGStream.createSocket                 PGStream.java:  241
                                        java.net.Socket.connect                   Socket.java:  609
                               java.net.SocksSocketImpl.connect          SocksSocketImpl.java:  392
                       java.net.AbstractPlainSocketImpl.connect  AbstractPlainSocketImpl.java:  237
              java.net.AbstractPlainSocketImpl.connectToAddress  AbstractPlainSocketImpl.java:  255
                     java.net.AbstractPlainSocketImpl.doConnect  AbstractPlainSocketImpl.java:  412
                         java.net.PlainSocketImpl.socketConnect           PlainSocketImpl.java     
        java.net.SocketTimeoutException: connect timed out
      org.postgresql.util.PSQLException: The connection attempt failed.
     SQLState: "08001"
    errorCode: 0
java.util.concurrent.ExecutionException: org.postgresql.util.PSQLException: The connection attempt failed.

00:48:29 INFO case-1 Error after 00:48:23 aka 2903206 milliseconds
00:48:30 INFO case-1 Start accepting all packets
00:49:05 INFO process-monitor {:StorageGetMsec {:lo 2900000, :hi 2900000, :sum 2900000, :count 1}, :MetricsReport {:lo 1, :hi 1, :sum 1, :count 1}, :AvailableMB 7800.0, :ObjectCacheCount 20, :event :metrics, :pid 182963, :tid 30}
00:50:05 INFO process-monitor {:MetricsReport {:lo 1, :hi 1, :sum 1, :count 1}, :AvailableMB 7800.0, :ObjectCacheCount 20, :event :metrics, :pid 182963, :tid 30}
00:51:05 INFO process-monitor {:MetricsReport {:lo 1, :hi 1, :sum 1, :count 1}, :AvailableMB 7800.0, :ObjectCacheCount 20, :event :metrics, :pid 182963, :tid 30}
