java.util.concurrent.locks.LockSupport.park:221
java.util.concurrent.FutureTask.awaitDone:500
java.util.concurrent.FutureTask.get:190
clojure.core/deref-future:2317
clojure.core/deref:2337
clojure.core/mapv/fn:6979
clojure.core/reduce:6885
clojure.core/mapv:6970
datomic.common/pooled-mapv:706
datomic.datalog/qmapv:52
datomic.datalog/fn:609
datomic.datalog/fn/G:65
datomic.datalog/join-project-coll:130
datomic.datalog/fn:233
datomic.datalog/fn/G:65
datomic.datalog/eval-clause/fn:1396
datomic.datalog/eval-clause:1391
datomic.datalog/eval-rule/fn/fn:1478
datomic.measure.query-stats/with-clause-stats:40
datomic.datalog/eval-rule/fn:1478
datomic.datalog/eval-rule:1463
datomic.datalog/eval-query:1506
datomic.datalog/qsqr/fn:1596
datomic.measure.query-stats/with-phase-stats:61
datomic.datalog/qsqr:1595
datomic.datalog/qsqr:1552
datomic.query/q*:757
datomic.query/q:796
datomic.api/q:44
datomic.api/q:42
com.github.ivarref.forever/forever/fn/fn:107
clojure.core/binding-conveyor-fn/fn:2047
java.util.concurrent.FutureTask.run:317
java.util.concurrent.ThreadPoolExecutor.runWorker:1144
java.util.concurrent.ThreadPoolExecutor$Worker.run:642
java.lang.Thread.run:1570